\BOOKMARK [0][-]{chapter.1}{\376\377\000A\000P\000I\000\040\000d\000i\000a\000g\000r\000a\000m}{}% 1
\BOOKMARK [1][-]{section.1.1}{\376\377\000U\000s\000a\000g\000e}{chapter.1}% 2
\BOOKMARK [2][-]{subsection.1.1.1}{\376\377\000I\000n\000s\000t\000a\000l\000l\000a\000t\000i\000o\000n}{section.1.1}% 3
\BOOKMARK [2][-]{subsection.1.1.2}{\376\377\000C\000o\000n\000n\000e\000c\000t\000i\000n\000g\000\040\000t\000o\000\040\000a\000\040\000d\000a\000t\000a\000b\000a\000s\000e}{section.1.1}% 4
\BOOKMARK [2][-]{subsection.1.1.3}{\376\377\000R\000u\000n\000n\000i\000n\000g\000\040\000t\000h\000e\000\040\000A\000P\000I}{section.1.1}% 5
\BOOKMARK [2][-]{subsection.1.1.4}{\376\377\000R\000u\000n\000n\000i\000n\000g\000\040\000t\000h\000e\000\040\000G\000U\000I}{section.1.1}% 6
\BOOKMARK [1][-]{section.1.2}{\376\377\000A\000P\000I\000\040\000R\000e\000f\000e\000r\000e\000n\000c\000e}{chapter.1}% 7
\BOOKMARK [2][-]{subsection.1.2.1}{\376\377\000u\000i}{section.1.2}% 8
\BOOKMARK [3][-]{subsubsection*.4}{\376\377\000A\000t\000t\000r\000i\000b\000u\000t\000e\000s}{subsection.1.2.1}% 9
\BOOKMARK [3][-]{subsubsection*.5}{\376\377\000F\000u\000n\000c\000t\000i\000o\000n\000s}{subsection.1.2.1}% 10
\BOOKMARK [3][-]{subsubsection*.6}{\376\377\000M\000o\000d\000u\000l\000e\000\040\000C\000o\000n\000t\000e\000n\000t\000s}{subsection.1.2.1}% 11
\BOOKMARK [4][-]{paragraph*.9}{\376\377\000P\000a\000r\000a\000m\000e\000t\000e\000r\000s}{subsubsection*.6}% 12
\BOOKMARK [4][-]{paragraph*.11}{\376\377\000P\000a\000r\000a\000m\000e\000t\000e\000r\000s}{subsubsection*.6}% 13
\BOOKMARK [4][-]{paragraph*.12}{\376\377\000R\000e\000t\000u\000r\000n\000s}{subsubsection*.6}% 14
\BOOKMARK [4][-]{paragraph*.14}{\376\377\000P\000a\000r\000a\000m\000e\000t\000e\000r\000s}{subsubsection*.6}% 15
\BOOKMARK [4][-]{paragraph*.15}{\376\377\000R\000e\000t\000u\000r\000n\000s}{subsubsection*.6}% 16
\BOOKMARK [4][-]{paragraph*.17}{\376\377\000P\000a\000r\000a\000m\000e\000t\000e\000r\000s}{subsubsection*.6}% 17
\BOOKMARK [2][-]{subsection.1.2.2}{\376\377\000a\000p\000p}{section.1.2}% 18
\BOOKMARK [3][-]{subsubsection*.19}{\376\377\000A\000t\000t\000r\000i\000b\000u\000t\000e\000s}{subsection.1.2.2}% 19
\BOOKMARK [3][-]{subsubsection*.20}{\376\377\000C\000l\000a\000s\000s\000e\000s}{subsection.1.2.2}% 20
\BOOKMARK [3][-]{subsubsection*.21}{\376\377\000F\000u\000n\000c\000t\000i\000o\000n\000s}{subsection.1.2.2}% 21
\BOOKMARK [3][-]{subsubsection*.22}{\376\377\000M\000o\000d\000u\000l\000e\000\040\000C\000o\000n\000t\000e\000n\000t\000s}{subsection.1.2.2}% 22
\BOOKMARK [4][-]{paragraph*.28}{\376\377\000P\000a\000r\000a\000m\000e\000t\000e\000r\000s}{subsubsection*.22}% 23
\BOOKMARK [4][-]{paragraph*.29}{\376\377\000Y\000i\000e\000l\000d\000s}{subsubsection*.22}% 24
\BOOKMARK [4][-]{paragraph*.31}{\376\377\000P\000a\000r\000a\000m\000e\000t\000e\000r\000s}{subsubsection*.22}% 25
\BOOKMARK [4][-]{paragraph*.32}{\376\377\000R\000e\000t\000u\000r\000n\000s}{subsubsection*.22}% 26
\BOOKMARK [2][-]{subsection.1.2.3}{\376\377\000u\000t\000i\000l\000s}{section.1.2}% 27
\BOOKMARK [3][-]{subsubsection*.33}{\376\377\000F\000u\000n\000c\000t\000i\000o\000n\000s}{subsection.1.2.3}% 28
\BOOKMARK [3][-]{subsubsection*.34}{\376\377\000M\000o\000d\000u\000l\000e\000\040\000C\000o\000n\000t\000e\000n\000t\000s}{subsection.1.2.3}% 29
\BOOKMARK [4][-]{paragraph*.36}{\376\377\000P\000a\000r\000a\000m\000e\000t\000e\000r\000s}{subsubsection*.34}% 30
\BOOKMARK [4][-]{paragraph*.37}{\376\377\000R\000e\000t\000u\000r\000n\000s}{subsubsection*.34}% 31
\BOOKMARK [2][-]{subsection.1.2.4}{\376\377\000m\000o\000d\000e\000l\000s}{section.1.2}% 32
\BOOKMARK [3][-]{subsubsection*.38}{\376\377\000F\000u\000n\000c\000t\000i\000o\000n\000s}{subsection.1.2.4}% 33
\BOOKMARK [3][-]{subsubsection*.39}{\376\377\000M\000o\000d\000u\000l\000e\000\040\000C\000o\000n\000t\000e\000n\000t\000s}{subsection.1.2.4}% 34
\BOOKMARK [4][-]{paragraph*.41}{\376\377\000P\000a\000r\000a\000m\000e\000t\000e\000r\000s}{subsubsection*.39}% 35
\BOOKMARK [4][-]{paragraph*.42}{\376\377\000R\000e\000t\000u\000r\000n\000s}{subsubsection*.39}% 36
\BOOKMARK [2][-]{subsection.1.2.5}{\376\377\000p\000r\000o\000m\000p\000t}{section.1.2}% 37
\BOOKMARK [3][-]{subsubsection*.43}{\376\377\000C\000l\000a\000s\000s\000e\000s}{subsection.1.2.5}% 38
\BOOKMARK [3][-]{subsubsection*.44}{\376\377\000M\000o\000d\000u\000l\000e\000\040\000C\000o\000n\000t\000e\000n\000t\000s}{subsection.1.2.5}% 39
\BOOKMARK [4][-]{paragraph*.47}{\376\377\000R\000e\000t\000u\000r\000n\000s}{subsubsection*.44}% 40
\BOOKMARK [4][-]{paragraph*.49}{\376\377\000R\000e\000t\000u\000r\000n\000s}{subsubsection*.44}% 41
\BOOKMARK [2][-]{subsection.1.2.6}{\376\377\000p\000i\000p\000e\000l\000i\000n\000e}{section.1.2}% 42
\BOOKMARK [3][-]{subsubsection*.50}{\376\377\000C\000l\000a\000s\000s\000e\000s}{subsection.1.2.6}% 43
\BOOKMARK [3][-]{subsubsection*.51}{\376\377\000M\000o\000d\000u\000l\000e\000\040\000C\000o\000n\000t\000e\000n\000t\000s}{subsection.1.2.6}% 44
\BOOKMARK [4][-]{paragraph*.54}{\376\377\000R\000e\000t\000u\000r\000n\000s}{subsubsection*.51}% 45
\BOOKMARK [2][-]{subsection.1.2.7}{\376\377\000a\000s\000s\000i\000s\000t\000a\000n\000t}{section.1.2}% 46
\BOOKMARK [3][-]{subsubsection*.55}{\376\377\000A\000t\000t\000r\000i\000b\000u\000t\000e\000s}{subsection.1.2.7}% 47
\BOOKMARK [3][-]{subsubsection*.56}{\376\377\000F\000u\000n\000c\000t\000i\000o\000n\000s}{subsection.1.2.7}% 48
\BOOKMARK [3][-]{subsubsection*.57}{\376\377\000M\000o\000d\000u\000l\000e\000\040\000C\000o\000n\000t\000e\000n\000t\000s}{subsection.1.2.7}% 49
\BOOKMARK [4][-]{paragraph*.59}{\376\377\000P\000a\000r\000a\000m\000e\000t\000e\000r\000s}{subsubsection*.57}% 50
\BOOKMARK [4][-]{paragraph*.60}{\376\377\000R\000e\000t\000u\000r\000n\000s}{subsubsection*.57}% 51
\BOOKMARK [2][-]{subsection.1.2.8}{\376\377\000p\000r\000e\000p\000r\000o\000c\000e\000s\000s}{section.1.2}% 52
\BOOKMARK [3][-]{subsubsection*.62}{\376\377\000F\000u\000n\000c\000t\000i\000o\000n\000s}{subsection.1.2.8}% 53
\BOOKMARK [3][-]{subsubsection*.63}{\376\377\000M\000o\000d\000u\000l\000e\000\040\000C\000o\000n\000t\000e\000n\000t\000s}{subsection.1.2.8}% 54
\BOOKMARK [2][-]{subsection.1.2.9}{\376\377\000O\000M\000O\000P\000\137\000m\000a\000t\000c\000h}{section.1.2}% 55
\BOOKMARK [3][-]{subsubsection*.65}{\376\377\000C\000l\000a\000s\000s\000e\000s}{subsection.1.2.9}% 56
\BOOKMARK [3][-]{subsubsection*.66}{\376\377\000F\000u\000n\000c\000t\000i\000o\000n\000s}{subsection.1.2.9}% 57
\BOOKMARK [3][-]{subsubsection*.67}{\376\377\000M\000o\000d\000u\000l\000e\000\040\000C\000o\000n\000t\000e\000n\000t\000s}{subsection.1.2.9}% 58
\BOOKMARK [2][-]{subsection.1.2.10}{\376\377\000b\000a\000s\000e\000\137\000o\000p\000t\000i\000o\000n\000s}{section.1.2}% 59
\BOOKMARK [3][-]{subsubsection*.75}{\376\377\000C\000l\000a\000s\000s\000e\000s}{subsection.1.2.10}% 60
\BOOKMARK [3][-]{subsubsection*.76}{\376\377\000M\000o\000d\000u\000l\000e\000\040\000C\000o\000n\000t\000e\000n\000t\000s}{subsection.1.2.10}% 61
\BOOKMARK [4][-]{paragraph*.79}{\376\377\000P\000a\000r\000a\000m\000e\000t\000e\000r\000s}{subsubsection*.76}% 62
\BOOKMARK [4][-]{paragraph*.80}{\376\377\000R\000e\000t\000u\000r\000n\000s}{subsubsection*.76}% 63
\BOOKMARK [4][-]{paragraph*.82}{\376\377\000P\000a\000r\000a\000m\000e\000t\000e\000r\000s}{subsubsection*.76}% 64
\BOOKMARK [4][-]{paragraph*.83}{\376\377\000R\000e\000t\000u\000r\000n\000s}{subsubsection*.76}% 65
\BOOKMARK [4][-]{paragraph*.85}{\376\377\000P\000a\000r\000a\000m\000e\000t\000e\000r\000s}{subsubsection*.76}% 66
\BOOKMARK [4][-]{paragraph*.86}{\376\377\000R\000e\000t\000u\000r\000n\000s}{subsubsection*.76}% 67
\BOOKMARK [2][-]{subsection.1.2.11}{\376\377\000l\000o\000g\000g\000i\000n\000g\000\137\000u\000t\000i\000l\000s}{section.1.2}% 68
\BOOKMARK [3][-]{subsubsection*.87}{\376\377\000C\000l\000a\000s\000s\000e\000s}{subsection.1.2.11}% 69
\BOOKMARK [3][-]{subsubsection*.88}{\376\377\000M\000o\000d\000u\000l\000e\000\040\000C\000o\000n\000t\000e\000n\000t\000s}{subsection.1.2.11}% 70
\BOOKMARK [4][-]{paragraph*.90}{\376\377\000P\000a\000r\000a\000m\000e\000t\000e\000r\000s}{subsubsection*.88}% 71
\BOOKMARK [4][-]{paragraph*.91}{\376\377\000R\000e\000t\000u\000r\000n\000s}{subsubsection*.88}% 72
\BOOKMARK [0][-]{chapter.2}{\376\377\000I\000n\000d\000i\000c\000e\000s\000\040\000a\000n\000d\000\040\000t\000a\000b\000l\000e\000s}{}% 73
\BOOKMARK [0][-]{section*.94}{\376\377\000I\000n\000d\000e\000x}{}% 74
